0 info it worked if it ends with ok
1 verbose cli [ '/usr/local/bin/node',
1 verbose cli   '/usr/local/bin/npm',
1 verbose cli   'install',
1 verbose cli   'iron-node',
1 verbose cli   '-g' ]
2 info using npm@2.14.7
3 info using node@v4.2.1
4 verbose install initial load of /usr/local/lib/package.json
5 verbose readDependencies loading dependencies from /usr/local/lib/package.json
6 silly cache add args [ 'iron-node', null ]
7 verbose cache add spec iron-node
8 silly cache add parsed spec Result {
8 silly cache add   raw: 'iron-node',
8 silly cache add   scope: null,
8 silly cache add   name: 'iron-node',
8 silly cache add   rawSpec: '',
8 silly cache add   spec: '*',
8 silly cache add   type: 'range' }
9 silly addNamed iron-node@*
10 verbose addNamed "*" is a valid semver range for iron-node
11 silly addNameRange { name: 'iron-node', range: '*', hasData: false }
12 silly mapToRegistry name iron-node
13 silly mapToRegistry using default registry
14 silly mapToRegistry registry https://registry.npmjs.org/
15 silly mapToRegistry uri https://registry.npmjs.org/iron-node
16 verbose addNameRange registry:https://registry.npmjs.org/iron-node not in flight; fetching
17 verbose request uri https://registry.npmjs.org/iron-node
18 verbose request no auth needed
19 info attempt registry request try #1 at 2:42:19 PM
20 verbose request id 01dbb0744adab06e
21 verbose etag "4XR4X5B4SFM6UMFGDL6CC0WXW"
22 http request GET https://registry.npmjs.org/iron-node
23 http 304 https://registry.npmjs.org/iron-node
24 verbose headers { date: 'Tue, 19 Jan 2016 19:42:21 GMT',
24 verbose headers   via: '1.1 varnish',
24 verbose headers   'cache-control': 'max-age=300',
24 verbose headers   etag: '"4XR4X5B4SFM6UMFGDL6CC0WXW"',
24 verbose headers   age: '0',
24 verbose headers   connection: 'keep-alive',
24 verbose headers   'x-served-by': 'cache-jfk1020-JFK',
24 verbose headers   'x-cache': 'HIT',
24 verbose headers   'x-cache-hits': '1',
24 verbose headers   'x-timer': 'S1453232541.108070,VS0,VE91',
24 verbose headers   vary: 'Accept' }
25 silly get cb [ 304,
25 silly get   { date: 'Tue, 19 Jan 2016 19:42:21 GMT',
25 silly get     via: '1.1 varnish',
25 silly get     'cache-control': 'max-age=300',
25 silly get     etag: '"4XR4X5B4SFM6UMFGDL6CC0WXW"',
25 silly get     age: '0',
25 silly get     connection: 'keep-alive',
25 silly get     'x-served-by': 'cache-jfk1020-JFK',
25 silly get     'x-cache': 'HIT',
25 silly get     'x-cache-hits': '1',
25 silly get     'x-timer': 'S1453232541.108070,VS0,VE91',
25 silly get     vary: 'Accept' } ]
26 verbose etag https://registry.npmjs.org/iron-node from cache
27 verbose get saving iron-node to /Users/d1son/.npm/registry.npmjs.org/iron-node/.cache.json
28 silly addNameRange number 2 { name: 'iron-node', range: '*', hasData: true }
29 silly addNameRange versions [ 'iron-node',
29 silly addNameRange   [ '0.0.0',
29 silly addNameRange     '0.0.1',
29 silly addNameRange     '1.0.1',
29 silly addNameRange     '1.0.2',
29 silly addNameRange     '1.0.3',
29 silly addNameRange     '1.0.4',
29 silly addNameRange     '1.0.5',
29 silly addNameRange     '1.0.6',
29 silly addNameRange     '1.1.7',
29 silly addNameRange     '1.1.8',
29 silly addNameRange     '1.1.9',
29 silly addNameRange     '1.1.10',
29 silly addNameRange     '1.2.11',
29 silly addNameRange     '1.2.12',
29 silly addNameRange     '1.2.13',
29 silly addNameRange     '1.2.14',
29 silly addNameRange     '1.2.15',
29 silly addNameRange     '1.2.16',
29 silly addNameRange     '1.3.17',
29 silly addNameRange     '1.4.18',
29 silly addNameRange     '1.5.20',
29 silly addNameRange     '1.5.21',
29 silly addNameRange     '1.5.22',
29 silly addNameRange     '1.5.23',
29 silly addNameRange     '1.5.24',
29 silly addNameRange     '1.5.26',
29 silly addNameRange     '1.5.27',
29 silly addNameRange     '1.5.28',
29 silly addNameRange     '1.5.29',
29 silly addNameRange     '1.5.30',
29 silly addNameRange     '1.5.31',
29 silly addNameRange     '1.5.32',
29 silly addNameRange     '2.0.1',
29 silly addNameRange     '2.0.2',
29 silly addNameRange     '2.0.3',
29 silly addNameRange     '2.1.4',
29 silly addNameRange     '2.1.5',
29 silly addNameRange     '2.1.6',
29 silly addNameRange     '2.1.7',
29 silly addNameRange     '2.1.8' ] ]
30 silly addNamed iron-node@2.1.8
31 verbose addNamed "2.1.8" is a plain semver version for iron-node
32 silly cache afterAdd iron-node@2.1.8
33 verbose afterAdd /Users/d1son/.npm/iron-node/2.1.8/package/package.json not in flight; writing
34 verbose afterAdd /Users/d1son/.npm/iron-node/2.1.8/package/package.json written
35 silly install resolved [ { name: 'iron-node',
35 silly install resolved     version: '2.1.8',
35 silly install resolved     description: 'Debug Node.js code on the fly with Chrome Developer Tools on Linux, Windows and OS X.',
35 silly install resolved     main: 'index.js',
35 silly install resolved     bin: { 'iron-node': './bin/run.js' },
35 silly install resolved     preferGlobal: true,
35 silly install resolved     scripts:
35 silly install resolved      { mdlint: 'mdlint glob "docs/*.md"',
35 silly install resolved        test: 'mocha',
35 silly install resolved        changelog: 'changelog -m',
35 silly install resolved        dev: 'electron ./app',
35 silly install resolved        'node-sass-test': 'electron ./app ..\\require\\node-sass.js',
35 silly install resolved        'edge-test': 'electron ./app ..\\require\\edge.js',
35 silly install resolved        'mocha-debug': 'electron ./app node_modules/mocha/bin/_mocha',
35 silly install resolved        'test-notify': 'electron ./app ..\\require\\notify.js',
35 silly install resolved        compiler: 'electron ./app --compile=c:\\git\\require\\',
35 silly install resolved        bump: 'npm version patch && git push && git push --tags && npm publish' },
35 silly install resolved     'pre-commit': [ 'test', 'mdlint' ],
35 silly install resolved     repository: { type: 'git', url: 'git+https://github.com/s-a/iron-node.git' },
35 silly install resolved     productName: 'ironNode',
35 silly install resolved     author:
35 silly install resolved      { name: 'Stephan Ahlf',
35 silly install resolved        email: 'stephan.ahlf@gmail.com',
35 silly install resolved        url: 'https://github.com/s-a' },
35 silly install resolved     license: 'MIT',
35 silly install resolved     bugs: { url: 'https://github.com/s-a/iron-node/issues' },
35 silly install resolved     homepage: 'https://github.com/s-a/iron-node#readme',
35 silly install resolved     dependencies:
35 silly install resolved      { commander: '^2.8.1',
35 silly install resolved        'deep-extend': '^0.4.0',
35 silly install resolved        'electron-prebuilt': '^0.36.4',
35 silly install resolved        'electron-recompile': '^1.0.16',
35 silly install resolved        markdown: '^0.5.0',
35 silly install resolved        nmp: '^1.0.3',
35 silly install resolved        open: '0.0.5',
35 silly install resolved        'package.js': '^1.1.3' },
35 silly install resolved     devDependencies:
35 silly install resolved      { jshint: '^2.8.0',
35 silly install resolved        mocha: '^2.2.5',
35 silly install resolved        'pre-commit': '^1.1.1',
35 silly install resolved        should: '^8.1.1' },
35 silly install resolved     gitHead: '1aaa11abb49bec8018954393181eeb945e793ab6',
35 silly install resolved     _id: 'iron-node@2.1.8',
35 silly install resolved     _shasum: '6d607e5134718e7c3a2859397390882a9539167b',
35 silly install resolved     _from: 'iron-node@*',
35 silly install resolved     _npmVersion: '2.14.7',
35 silly install resolved     _nodeVersion: '4.2.2',
35 silly install resolved     _npmUser: { name: 's-a', email: 'stephan.ahlf@gmail.com' },
35 silly install resolved     maintainers: [ [Object] ],
35 silly install resolved     dist:
35 silly install resolved      { shasum: '6d607e5134718e7c3a2859397390882a9539167b',
35 silly install resolved        tarball: 'http://registry.npmjs.org/iron-node/-/iron-node-2.1.8.tgz' },
35 silly install resolved     directories: {},
35 silly install resolved     _resolved: 'https://registry.npmjs.org/iron-node/-/iron-node-2.1.8.tgz',
35 silly install resolved     readme: 'ERROR: No README data found!' } ]
36 info install iron-node@2.1.8 into /usr/local/lib
37 info installOne iron-node@2.1.8
38 verbose installOne of iron-node to /usr/local/lib not in flight; installing
39 verbose lock using /Users/d1son/.npm/_locks/iron-node-b89916604a6a2d10.lock for /usr/local/lib/node_modules/iron-node
40 silly install write writing iron-node 2.1.8 to /usr/local/lib/node_modules/iron-node
41 verbose unbuild lib/node_modules/iron-node
42 silly gentlyRm /usr/local/lib/node_modules/iron-node is being purged from base /usr/local
43 verbose gentlyRm don't care about contents; nuking /usr/local/lib/node_modules/iron-node
44 verbose tar unpack /Users/d1son/.npm/iron-node/2.1.8/package.tgz
45 verbose tar unpacking to /usr/local/lib/node_modules/iron-node
46 silly gentlyRm /usr/local/lib/node_modules/iron-node is being purged
47 verbose gentlyRm don't care about contents; nuking /usr/local/lib/node_modules/iron-node
48 silly gunzTarPerm modes [ '755', '644' ]
49 error tar.unpack untar error /Users/d1son/.npm/iron-node/2.1.8/package.tgz
50 verbose unlock done using /Users/d1son/.npm/_locks/iron-node-b89916604a6a2d10.lock for /usr/local/lib/node_modules/iron-node
51 verbose fstream_path /usr/local/lib/node_modules/iron-node
52 verbose fstream_type Directory
53 verbose fstream_class DirWriter
54 verbose stack Error: EACCES: permission denied, mkdir '/usr/local/lib/node_modules/iron-node'
54 verbose stack     at Error (native)
55 verbose fstream_stack /usr/local/lib/node_modules/npm/node_modules/fstream/lib/dir-writer.js:35:25
55 verbose fstream_stack /usr/local/lib/node_modules/npm/node_modules/mkdirp/index.js:47:53
55 verbose fstream_stack FSReqWrap.oncomplete (fs.js:82:15)
56 verbose cwd /Users/d1son/Desktop/rcb_classwork/labs/lab_1_16
57 error Darwin 15.2.0
58 error argv "/usr/local/bin/node" "/usr/local/bin/npm" "install" "iron-node" "-g"
59 error node v4.2.1
60 error npm  v2.14.7
61 error path /usr/local/lib/node_modules/iron-node
62 error code EACCES
63 error errno -13
64 error syscall mkdir
65 error Error: EACCES: permission denied, mkdir '/usr/local/lib/node_modules/iron-node'
65 error     at Error (native)
65 error  { [Error: EACCES: permission denied, mkdir '/usr/local/lib/node_modules/iron-node']
65 error   errno: -13,
65 error   code: 'EACCES',
65 error   syscall: 'mkdir',
65 error   path: '/usr/local/lib/node_modules/iron-node',
65 error   fstream_type: 'Directory',
65 error   fstream_path: '/usr/local/lib/node_modules/iron-node',
65 error   fstream_class: 'DirWriter',
65 error   fstream_stack:
65 error    [ '/usr/local/lib/node_modules/npm/node_modules/fstream/lib/dir-writer.js:35:25',
65 error      '/usr/local/lib/node_modules/npm/node_modules/mkdirp/index.js:47:53',
65 error      'FSReqWrap.oncomplete (fs.js:82:15)' ] }
66 error Please try running this command again as root/Administrator.
67 verbose exit [ -13, true ]
68 verbose unbuild lib/node_modules/iron-node
69 silly gentlyRm /usr/local/lib/node_modules/iron-node is being purged from base /usr/local
70 verbose gentlyRm don't care about contents; nuking /usr/local/lib/node_modules/iron-node
